2018-11-27T03:00:36.773-0700 I CONTROL  [initandlisten] MongoDB starting : pid=13084 port=27019 dbpath=\data\rs3 64-bit host=INBADNRAO01
2018-11-27T03:00:36.773-0700 I CONTROL  [initandlisten] targetMinOS: Windows 7/Windows Server 2008 R2
2018-11-27T03:00:36.774-0700 I CONTROL  [initandlisten] db version v3.4.17
2018-11-27T03:00:36.774-0700 I CONTROL  [initandlisten] git version: 7c14a47868643bb691a507a92fe25541f998eca4
2018-11-27T03:00:36.774-0700 I CONTROL  [initandlisten] OpenSSL version: OpenSSL 1.0.2o-fips  27 Mar 2018
2018-11-27T03:00:36.774-0700 I CONTROL  [initandlisten] allocator: tcmalloc
2018-11-27T03:00:36.774-0700 I CONTROL  [initandlisten] modules: none
2018-11-27T03:00:36.775-0700 I CONTROL  [initandlisten] build environment:
2018-11-27T03:00:36.776-0700 I CONTROL  [initandlisten]     distmod: 2008plus-ssl
2018-11-27T03:00:36.776-0700 I CONTROL  [initandlisten]     distarch: x86_64
2018-11-27T03:00:36.776-0700 I CONTROL  [initandlisten]     target_arch: x86_64
2018-11-27T03:00:36.776-0700 I CONTROL  [initandlisten] options: { net: { port: 27019 }, replication: { oplogSizeMB: 64, replSet: "m101" }, storage: { dbPath: "\data\rs3", mmapv1: { smallFiles: true } }, systemLog: { destination: "file", path: "3.log" } }
2018-11-27T03:00:36.778-0700 I STORAGE  [initandlisten] wiredtiger_open config: create,cache_size=7623M,session_max=20000,eviction=(threads_min=4,threads_max=4),config_base=false,statistics=(fast),log=(enabled=true,archive=true,path=journal,compressor=snappy),file_manager=(close_idle_time=100000),checkpoint=(wait=60,log_size=2GB),statistics_log=(wait=0),verbose=(recovery_progress),
2018-11-27T03:00:36.998-0700 W STORAGE  [initandlisten] Detected configuration for non-active storage engine mmapv1 when current storage engine is wiredTiger
2018-11-27T03:00:36.998-0700 I CONTROL  [initandlisten] 
2018-11-27T03:00:36.998-0700 I CONTROL  [initandlisten] ** WARNING: Access control is not enabled for the database.
2018-11-27T03:00:36.998-0700 I CONTROL  [initandlisten] **          Read and write access to data and configuration is unrestricted.
2018-11-27T03:00:36.998-0700 I CONTROL  [initandlisten] 
2018-11-27T15:30:37.511+0530 I FTDC     [initandlisten] Initializing full-time diagnostic data capture with directory '/data/rs3/diagnostic.data'
2018-11-27T15:30:37.558+0530 I REPL     [initandlisten] Did not find local voted for document at startup.
2018-11-27T15:30:37.558+0530 I REPL     [initandlisten] Did not find local replica set configuration document at startup;  NoMatchingDocument: Did not find replica set configuration document in local.system.replset
2018-11-27T15:30:37.587+0530 I NETWORK  [thread1] waiting for connections on port 27019
2018-11-27T15:31:29.834+0530 I NETWORK  [thread1] connection accepted from 127.0.0.1:56445 #1 (1 connection now open)
2018-11-27T15:31:29.849+0530 I -        [conn1] end connection 127.0.0.1:56445 (1 connection now open)
2018-11-27T15:31:30.875+0530 I NETWORK  [thread1] connection accepted from 127.0.0.1:56449 #2 (1 connection now open)
2018-11-27T15:31:30.907+0530 I NETWORK  [conn2] received client metadata from 127.0.0.1:56449 conn2: { driver: { name: "NetworkInterfaceASIO-Replication", version: "3.4.17" }, os: { type: "Windows", name: "Microsoft Windows 8", architecture: "x86_64", version: "6.2 (build 9200)" } }
2018-11-27T15:31:30.914+0530 I ASIO     [NetworkInterfaceASIO-Replication-0] Connecting to localhost:27017
2018-11-27T15:31:31.971+0530 I ASIO     [NetworkInterfaceASIO-Replication-0] Successfully connected to localhost:27017, took 1057ms (1 connections now open to localhost:27017)
2018-11-27T15:31:31.989+0530 I NETWORK  [thread1] connection accepted from 127.0.0.1:56457 #3 (2 connections now open)
2018-11-27T15:31:32.004+0530 I -        [conn3] end connection 127.0.0.1:56457 (2 connections now open)
2018-11-27T15:31:32.039+0530 I REPL     [replExecDBWorker-0] Starting replication storage threads
2018-11-27T15:31:32.317+0530 I REPL     [replication-0] Starting initial sync (attempt 1 of 10)
2018-11-27T15:31:32.317+0530 I REPL     [ReplicationExecutor] New replica set config in use: { _id: "m101", version: 1, protocolVersion: 1, members: [ { _id: 0, host: "localhost:27017", arbiterOnly: false, buildIndexes: true, hidden: false, priority: 1.0, tags: {}, slaveDelay: 0, votes: 1 }, { _id: 1, host: "localhost:27018", arbiterOnly: false, buildIndexes: true, hidden: false, priority: 1.0, tags: {}, slaveDelay: 0, votes: 1 }, { _id: 2, host: "localhost:27019", arbiterOnly: false, buildIndexes: true, hidden: false, priority: 1.0, tags: {}, slaveDelay: 0, votes: 1 } ], settings: { chainingAllowed: true, heartbeatIntervalMillis: 2000, heartbeatTimeoutSecs: 10, electionTimeoutMillis: 10000, catchUpTimeoutMillis: 60000, getLastErrorModes: {}, getLastErrorDefaults: { w: 1, wtimeout: 0 }, replicaSetId: ObjectId('5bfd15f9a4215833eabb612b') } }
2018-11-27T15:31:32.317+0530 I REPL     [ReplicationExecutor] This node is localhost:27019 in the config
2018-11-27T15:31:32.317+0530 I REPL     [ReplicationExecutor] transition to STARTUP2
2018-11-27T15:31:32.318+0530 I ASIO     [NetworkInterfaceASIO-Replication-0] Connecting to localhost:27018
2018-11-27T15:31:32.318+0530 I REPL     [ReplicationExecutor] Member localhost:27017 is now in state SECONDARY
2018-11-27T15:31:33.284+0530 I NETWORK  [thread1] connection accepted from 127.0.0.1:56461 #4 (2 connections now open)
2018-11-27T15:31:33.310+0530 I NETWORK  [conn4] received client metadata from 127.0.0.1:56461 conn4: { driver: { name: "NetworkInterfaceASIO-Replication", version: "3.4.17" }, os: { type: "Windows", name: "Microsoft Windows 8", architecture: "x86_64", version: "6.2 (build 9200)" } }
2018-11-27T15:31:33.337+0530 I ASIO     [NetworkInterfaceASIO-Replication-0] Successfully connected to localhost:27018, took 1019ms (1 connections now open to localhost:27018)
2018-11-27T15:31:33.338+0530 I REPL     [ReplicationExecutor] Member localhost:27018 is now in state STARTUP2
2018-11-27T15:31:37.358+0530 I REPL     [replication-0] sync source candidate: localhost:27017
2018-11-27T15:31:37.358+0530 I STORAGE  [replication-0] dropAllDatabasesExceptLocal 1
2018-11-27T15:31:37.358+0530 I REPL     [replication-0] ******
2018-11-27T15:31:37.358+0530 I REPL     [replication-0] creating replication oplog of size: 64MB...
2018-11-27T15:31:37.368+0530 I STORAGE  [replication-0] Starting WiredTigerRecordStoreThread local.oplog.rs
2018-11-27T15:31:37.386+0530 I STORAGE  [replication-0] The size storer reports that the oplog contains 0 records totaling to 0 bytes
2018-11-27T15:31:37.386+0530 I STORAGE  [replication-0] Scanning the oplog to determine where to place markers for truncation
2018-11-27T15:31:37.446+0530 I REPL     [replication-0] ******
2018-11-27T15:31:37.446+0530 I ASIO     [NetworkInterfaceASIO-RS-0] Connecting to localhost:27017
2018-11-27T15:31:38.492+0530 I ASIO     [NetworkInterfaceASIO-RS-0] Successfully connected to localhost:27017, took 1046ms (1 connections now open to localhost:27017)
2018-11-27T15:31:38.494+0530 I ASIO     [NetworkInterfaceASIO-RS-0] Connecting to localhost:27017
2018-11-27T15:31:39.529+0530 I ASIO     [NetworkInterfaceASIO-RS-0] Successfully connected to localhost:27017, took 1035ms (2 connections now open to localhost:27017)
2018-11-27T15:31:39.530+0530 I REPL     [replication-1] CollectionCloner::start called, on ns:admin.system.version
2018-11-27T15:31:39.573+0530 I INDEX    [InitialSyncInserters-admin.system.version0] build index on: admin.system.version properties: { v: 2, key: { version: 1 }, name: "incompatible_with_version_32", ns: "admin.system.version" }
2018-11-27T15:31:39.573+0530 I INDEX    [InitialSyncInserters-admin.system.version0] 	 building index using bulk method; build may temporarily use up to 500 megabytes of RAM
2018-11-27T15:31:39.582+0530 I INDEX    [InitialSyncInserters-admin.system.version0] build index on: admin.system.version properties: { v: 1, key: { _id: 1 }, name: "_id_", ns: "admin.system.version" }
2018-11-27T15:31:39.582+0530 I INDEX    [InitialSyncInserters-admin.system.version0] 	 building index using bulk method; build may temporarily use up to 500 megabytes of RAM
2018-11-27T15:31:39.583+0530 I COMMAND  [InitialSyncInserters-admin.system.version0] setting featureCompatibilityVersion to 3.4
2018-11-27T15:31:39.599+0530 I REPL     [replication-1] No need to apply operations. (currently at { : Timestamp 1543312890000|1 })
2018-11-27T15:31:39.600+0530 I ASIO     [NetworkInterfaceASIO-RS-0] Ending connection to host localhost:27017 due to bad connection status; 1 connections to that host remain open
2018-11-27T15:31:39.600+0530 I REPL     [replication-1] Finished fetching oplog during initial sync: CallbackCanceled: Callback canceled. Last fetched optime and hash: { ts: Timestamp 1543312890000|1, t: -1 }[3629882659329384920]
2018-11-27T15:31:39.600+0530 I REPL     [replication-1] Initial sync attempt finishing up.
2018-11-27T15:31:39.600+0530 I REPL     [replication-1] Initial Sync Attempt Statistics: { failedInitialSyncAttempts: 0, maxFailedInitialSyncAttempts: 10, initialSyncStart: new Date(1543312892317), initialSyncAttempts: [], fetchedMissingDocs: 0, appliedOps: 0, initialSyncOplogStart: Timestamp 1543312890000|1, initialSyncOplogEnd: Timestamp 1543312890000|1, databases: { databasesCloned: 1, admin: { collections: 1, clonedCollections: 1, start: new Date(1543312898495), end: new Date(1543312899599), elapsedMillis: 1104, admin.system.version: { documentsToCopy: 1, documentsCopied: 1, indexes: 2, fetchedBatches: 1, start: new Date(1543312899530), end: new Date(1543312899599), elapsedMillis: 69 } } } }
2018-11-27T15:31:39.619+0530 I REPL     [replication-1] initial sync done; took 7s.
2018-11-27T15:31:39.619+0530 I REPL     [replication-1] Starting replication fetcher thread
2018-11-27T15:31:39.621+0530 I REPL     [replication-1] Starting replication applier thread
2018-11-27T15:31:39.621+0530 I REPL     [rsBackgroundSync] could not find member to sync from
2018-11-27T15:31:39.623+0530 I REPL     [rsSync] transition to RECOVERING
2018-11-27T15:31:39.623+0530 I REPL     [replication-1] Starting replication reporter thread
2018-11-27T15:31:39.753+0530 I REPL     [rsSync] transition to SECONDARY
2018-11-27T15:31:44.624+0530 I REPL     [ReplicationExecutor] Member localhost:27017 is now in state PRIMARY
2018-11-27T15:31:44.624+0530 I REPL     [ReplicationExecutor] Member localhost:27018 is now in state SECONDARY
2018-11-27T15:31:44.626+0530 I REPL     [rsBackgroundSync] sync source candidate: localhost:27017
2018-11-27T15:31:44.628+0530 I ASIO     [NetworkInterfaceASIO-RS-0] Connecting to localhost:27017
2018-11-27T15:31:45.646+0530 I NETWORK  [thread1] connection accepted from 127.0.0.1:56477 #5 (3 connections now open)
2018-11-27T15:31:45.646+0530 I ASIO     [NetworkInterfaceASIO-RS-0] Successfully connected to localhost:27017, took 1018ms (2 connections now open to localhost:27017)
2018-11-27T15:31:45.660+0530 I NETWORK  [conn5] received client metadata from 127.0.0.1:56477 conn5: { driver: { name: "NetworkInterfaceASIO-RS", version: "3.4.17" }, os: { type: "Windows", name: "Microsoft Windows 8", architecture: "x86_64", version: "6.2 (build 9200)" } }
2018-11-27T15:31:46.664+0530 I NETWORK  [thread1] connection accepted from 127.0.0.1:56479 #6 (4 connections now open)
2018-11-27T15:31:46.690+0530 I NETWORK  [conn6] received client metadata from 127.0.0.1:56479 conn6: { driver: { name: "NetworkInterfaceASIO-RS", version: "3.4.17" }, os: { type: "Windows", name: "Microsoft Windows 8", architecture: "x86_64", version: "6.2 (build 9200)" } }
2018-11-27T15:32:33.383+0530 I NETWORK  [thread1] connection accepted from 127.0.0.1:56484 #7 (5 connections now open)
2018-11-27T15:32:33.432+0530 I -        [conn7] end connection 127.0.0.1:56484 (5 connections now open)
2018-11-27T15:32:40.682+0530 I NETWORK  [thread1] connection accepted from 127.0.0.1:56488 #8 (5 connections now open)
2018-11-27T15:32:40.747+0530 I -        [conn8] end connection 127.0.0.1:56488 (5 connections now open)
2018-11-27T15:33:34.403+0530 I COMMAND  [conn6] command local.oplog.rs command: getMore { getMore: 35164815275, collection: "oplog.rs", maxTimeMS: 5000, term: 1, lastKnownCommittedOpTime: { ts: Timestamp 1543312994000|1, t: 1 } } originatingCommand: { find: "oplog.rs", filter: { ts: { $gte: Timestamp 1543312890000|1 } }, tailable: true, oplogReplay: true, awaitData: true, maxTimeMS: 60000, term: 1, readConcern: { afterOpTime: { ts: Timestamp 1543312890000|1, t: -1 } } } planSummary: COLLSCAN cursorid:35164815275 keysExamined:0 docsExamined:0 numYields:0 nreturned:0 reslen:451 locks:{ Global: { acquireCount: { r: 4 }, acquireWaitCount: { r: 1 }, timeAcquiringMicros: { r: 214 } }, Database: { acquireCount: { r: 2 } }, oplog: { acquireCount: { r: 2 } } } protocol:op_command 9995ms
2018-11-27T15:33:44.466+0530 I CONTROL  [thread2] CTRL_CLOSE_EVENT signal
2018-11-27T15:33:44.466+0530 I CONTROL  [consoleTerminate] got CTRL_CLOSE_EVENT, will terminate after current cmd ends
2018-11-27T15:33:44.466+0530 I NETWORK  [consoleTerminate] shutdown: going to close listening sockets...
2018-11-27T15:33:44.466+0530 I NETWORK  [consoleTerminate] closing listening socket: 420
2018-11-27T15:33:44.466+0530 I NETWORK  [consoleTerminate] shutdown: going to flush diaglog...
2018-11-27T15:33:44.466+0530 I REPL     [consoleTerminate] shutting down replication subsystems
2018-11-27T15:33:44.467+0530 I REPL     [consoleTerminate] Stopping replication reporter thread
2018-11-27T15:33:44.467+0530 I REPL     [SyncSourceFeedback] SyncSourceFeedback error sending update to localhost:27017: CallbackCanceled: Reporter no longer valid
2018-11-27T15:33:44.467+0530 I REPL     [consoleTerminate] Stopping replication fetcher thread
2018-11-27T15:33:44.467+0530 I REPL     [consoleTerminate] Stopping replication applier thread
2018-11-27T15:33:44.467+0530 I ASIO     [NetworkInterfaceASIO-RS-0] Ending connection to host localhost:27017 due to bad connection status; 1 connections to that host remain open
2018-11-27T15:33:44.467+0530 I REPL     [rsBackgroundSync] Replication producer stopped after oplog fetcher finished returning a batch from our sync source.  Abandoning this batch of oplog entries and re-evaluating our sync source.
2018-11-27T15:33:44.469+0530 I REPL     [consoleTerminate] Stopping replication storage threads
2018-11-27T15:33:44.470+0530 I FTDC     [consoleTerminate] Shutting down full-time diagnostic data capture
2018-11-27T15:33:44.474+0530 I STORAGE  [consoleTerminate] WiredTigerKVEngine shutting down
2018-11-27T15:33:44.570+0530 I STORAGE  [consoleTerminate] shutdown: removing fs lock...
2018-11-27T15:33:44.570+0530 I CONTROL  [consoleTerminate] now exiting
2018-11-27T15:33:44.570+0530 I CONTROL  [consoleTerminate] shutting down with code:12
2018-11-27T15:33:44.570+0530 I CONTROL  [initandlisten